<?xml version="1.0" encoding="UTF-8"?>
<!-- Generated by org.testng.reporters.JUnitXMLReporter -->
<testsuite ignored="0" hostname="Elviras-MacBook-Pro.local" failures="0" tests="3" name="Default test" time="21.269" errors="0" timestamp="2020-05-30T14:05:01 EDT">
  <testcase classname="com.hrms.testcases.LoginTest" name="emptyUsernameLogin" time="0.297"/>
  <testcase classname="com.hrms.testcases.LoginTest" name="invalidPasswordLogin" time="1.407"/>
  <testcase classname="com.hrms.testcases.LoginTest" name="validAdminLogin" time="3.958"/>
</testsuite> <!-- Default test -->
