<?xml version="1.0" encoding="UTF-8"?>
<!-- Generated by org.testng.reporters.JUnitXMLReporter -->
<testsuite ignored="0" hostname="Elviras-MacBook-Pro.local" failures="0" tests="4" name="Command line test" time="39.964" errors="0" timestamp="2020-05-30T15:09:52 EDT">
  <testcase classname="com.hrms.testcases.LoginTest" name="emptyUsernameLogin" time="0.267"/>
  <testcase classname="com.hrms.testcases.LoginTest" name="invalidPasswordLogin" time="1.19"/>
  <testcase classname="com.hrms.testcases.LoginTest" name="validAdminLogin" time="2.377"/>
  <testcase classname="com.hrms.testcases.AddEmployeeTest" name="addEmployeePage" time="26.831"/>
</testsuite> <!-- Command line test -->
