<?xml version="1.0" encoding="UTF-8"?>
<!-- Generated by org.testng.reporters.JUnitXMLReporter -->
<testsuite ignored="10" hostname="Elviras-MacBook-Pro.local" failures="1" tests="2" name="regression Test" time="4.428" errors="0" timestamp="2020-06-02T14:49:25 EDT">
  <testcase classname="com.hrms.testcases.LoginTest" name="emptyUsernameLogin" time="0.255"/>
  <testcase classname="com.hrms.testcases.LoginTest" name="emptyUsernameLogin" time="3.649">
    <failure type="java.lang.IllegalArgumentException" message="Cannot format given Object as a Date">
      <![CDATA[java.lang.IllegalArgumentException: Cannot format given Object as a Date
at java.base/java.text.DateFormat.format(DateFormat.java:338)
at java.base/java.text.Format.format(Format.java:158)
at com.hrms.utils.CommonMethods.getTimeStemp(CommonMethods.java:269)
at com.hrms.utils.CommonMethods.takeScreenshot(CommonMethods.java:256)
at com.hrms.testbase.Listener.onTestSuccess(Listener.java:23)
at java.base/java.util.ArrayList.forEach(ArrayList.java:1507)
... Removed 24 stack frames]]>
    </failure>
  </testcase> <!-- emptyUsernameLogin -->
  <testcase classname="com.hrms.testbase.BaseClass" name="@BeforeTest generateReport" time="0.0">
    <ignored/>
  </testcase> <!-- @BeforeTest generateReport -->
  <testcase classname="com.hrms.testbase.BaseClass" name="@BeforeTest generateReport" time="0.0">
    <ignored/>
  </testcase> <!-- @BeforeTest generateReport -->
  <testcase classname="com.hrms.testbase.BaseClass" name="@BeforeTest generateReport" time="0.0">
    <ignored/>
  </testcase> <!-- @BeforeTest generateReport -->
  <testcase classname="com.hrms.testcases.TaskFromRefia" name="validAdminLogin" time="0.0">
    <ignored/>
  </testcase> <!-- validAdminLogin -->
  <testcase classname="com.hrms.testcases.HWwithRefia" name="addEmployee" time="0.0">
    <ignored/>
  </testcase> <!-- addEmployee -->
  <testcase classname="com.hrms.testbase.BaseClass" name="@AfterTest writeReport" time="0.0">
    <ignored/>
  </testcase> <!-- @AfterTest writeReport -->
  <testcase classname="com.hrms.testbase.BaseClass" name="@AfterTest writeReport" time="0.0">
    <ignored/>
  </testcase> <!-- @AfterTest writeReport -->
  <testcase classname="com.hrms.testbase.BaseClass" name="@AfterTest writeReport" time="0.0">
    <ignored/>
  </testcase> <!-- @AfterTest writeReport -->
  <testcase classname="com.hrms.testcases.LoginTest" name="validAdminLogin" time="0.0">
    <ignored/>
  </testcase> <!-- validAdminLogin -->
  <testcase classname="com.hrms.testcases.AddEmployeeTest" name="addEmployeePage" time="0.0">
    <ignored/>
  </testcase> <!-- addEmployeePage -->
</testsuite> <!-- regression Test -->
