<?xml version="1.0" encoding="UTF-8"?>
<!-- Generated by org.testng.reporters.JUnitXMLReporter -->
<testsuite ignored="2" hostname="Elviras-MacBook-Pro.local" failures="0" tests="2" name="regression Test" time="5.754" errors="0" timestamp="2020-05-30T14:58:53 EDT">
  <testcase classname="com.hrms.testcases.LoginTest" name="emptyUsernameLogin" time="0.261"/>
  <testcase classname="com.hrms.testcases.LoginTest" name="invalidPasswordLogin" time="1.081"/>
  <testcase classname="com.hrms.testcases.LoginTest" name="validAdminLogin" time="0.0">
    <ignored/>
  </testcase> <!-- validAdminLogin -->
  <testcase classname="com.hrms.testcases.AddEmployeeTest" name="addEmployeePage" time="0.0">
    <ignored/>
  </testcase> <!-- addEmployeePage -->
</testsuite> <!-- regression Test -->
