<?xml version="1.0" encoding="UTF-8"?>
<testng-results ignored="11" total="12" passed="1" failed="0" skipped="0">
  <reporter-output>
  </reporter-output>
  <suite started-at="2020-06-02T20:19:26 EDT" name="Smoke Suite" finished-at="2020-06-02T20:19:36 EDT" duration-ms="10433">
    <groups>
      <group name="smoke">
        <method signature="LoginTest.validAdminLogin()[pri:0, instance:com.hrms.testcases.LoginTest@157632c9]" name="validAdminLogin" class="com.hrms.testcases.LoginTest"/>
      </group> <!-- smoke -->
    </groups>
    <test started-at="2020-06-02T20:19:26 EDT" name="Smoke Test" finished-at="2020-06-02T20:19:36 EDT" duration-ms="10433">
      <class name="com.hrms.testcases.LoginTest">
        <test-method is-config="true" signature="generateReport()[pri:0, instance:com.hrms.testcases.LoginTest@157632c9]" started-at="2020-06-02T20:19:26 EDT" name="generateReport" finished-at="2020-06-02T20:19:26 EDT" duration-ms="104" status="PASS">
          <reporter-output>
          </reporter-output>
        </test-method> <!-- generateReport -->
        <test-method is-config="true" signature="setUp()[pri:0, instance:com.hrms.testcases.LoginTest@157632c9]" started-at="2020-06-02T20:19:26 EDT" name="setUp" finished-at="2020-06-02T20:19:31 EDT" duration-ms="5438" status="PASS">
          <reporter-output>
          </reporter-output>
        </test-method> <!-- setUp -->
        <test-method signature="validAdminLogin()[pri:0, instance:com.hrms.testcases.LoginTest@157632c9]" started-at="2020-06-02T20:19:31 EDT" name="validAdminLogin" finished-at="2020-06-02T20:19:34 EDT" duration-ms="3275" status="PASS">
          <reporter-output>
          </reporter-output>
        </test-method> <!-- validAdminLogin -->
        <test-method is-config="true" signature="tearDown()[pri:0, instance:com.hrms.testcases.LoginTest@157632c9]" started-at="2020-06-02T20:19:36 EDT" name="tearDown" finished-at="2020-06-02T20:19:36 EDT" duration-ms="88" status="PASS">
          <reporter-output>
          </reporter-output>
        </test-method> <!-- tearDown -->
        <test-method is-config="true" signature="writeReport()[pri:0, instance:com.hrms.testcases.LoginTest@157632c9]" started-at="2020-06-02T20:19:36 EDT" name="writeReport" finished-at="2020-06-02T20:19:36 EDT" duration-ms="204" status="PASS">
          <reporter-output>
          </reporter-output>
        </test-method> <!-- writeReport -->
      </class> <!-- com.hrms.testcases.LoginTest -->
    </test> <!-- Smoke Test -->
  </suite> <!-- Smoke Suite -->
</testng-results>
