<?xml version="1.0" encoding="UTF-8"?>
<testng-results ignored="2" total="4" passed="2" failed="0" skipped="0">
  <reporter-output>
  </reporter-output>
  <suite started-at="2020-05-30T14:58:47 EDT" name="Regression Suite" finished-at="2020-05-30T14:58:53 EDT" duration-ms="5754">
    <groups>
      <group name="regression">
        <method signature="LoginTest.emptyUsernameLogin()[pri:0, instance:com.hrms.testcases.LoginTest@60704c]" name="emptyUsernameLogin" class="com.hrms.testcases.LoginTest"/>
        <method signature="LoginTest.invalidPasswordLogin()[pri:0, instance:com.hrms.testcases.LoginTest@60704c]" name="invalidPasswordLogin" class="com.hrms.testcases.LoginTest"/>
      </group> <!-- regression -->
    </groups>
    <test started-at="2020-05-30T14:58:47 EDT" name="regression Test" finished-at="2020-05-30T14:58:53 EDT" duration-ms="5754">
      <class name="com.hrms.testcases.LoginTest">
        <test-method is-config="true" signature="setUp()[pri:0, instance:com.hrms.testcases.LoginTest@60704c]" started-at="2020-05-30T14:58:47 EDT" name="setUp" finished-at="2020-05-30T14:58:50 EDT" duration-ms="2322" status="PASS">
          <reporter-output>
          </reporter-output>
        </test-method> <!-- setUp -->
        <test-method signature="emptyUsernameLogin()[pri:0, instance:com.hrms.testcases.LoginTest@60704c]" started-at="2020-05-30T14:58:50 EDT" name="emptyUsernameLogin" finished-at="2020-05-30T14:58:50 EDT" duration-ms="261" status="PASS">
          <reporter-output>
          </reporter-output>
        </test-method> <!-- emptyUsernameLogin -->
        <test-method is-config="true" signature="tearDown()[pri:0, instance:com.hrms.testcases.LoginTest@60704c]" started-at="2020-05-30T14:58:50 EDT" name="tearDown" finished-at="2020-05-30T14:58:50 EDT" duration-ms="85" status="PASS">
          <reporter-output>
          </reporter-output>
        </test-method> <!-- tearDown -->
        <test-method is-config="true" signature="setUp()[pri:0, instance:com.hrms.testcases.LoginTest@60704c]" started-at="2020-05-30T14:58:50 EDT" name="setUp" finished-at="2020-05-30T14:58:52 EDT" duration-ms="1891" status="PASS">
          <reporter-output>
          </reporter-output>
        </test-method> <!-- setUp -->
        <test-method signature="invalidPasswordLogin()[pri:0, instance:com.hrms.testcases.LoginTest@60704c]" started-at="2020-05-30T14:58:52 EDT" name="invalidPasswordLogin" finished-at="2020-05-30T14:58:53 EDT" duration-ms="1081" status="PASS">
          <reporter-output>
          </reporter-output>
        </test-method> <!-- invalidPasswordLogin -->
        <test-method is-config="true" signature="tearDown()[pri:0, instance:com.hrms.testcases.LoginTest@60704c]" started-at="2020-05-30T14:58:53 EDT" name="tearDown" finished-at="2020-05-30T14:58:53 EDT" duration-ms="86" status="PASS">
          <reporter-output>
          </reporter-output>
        </test-method> <!-- tearDown -->
      </class> <!-- com.hrms.testcases.LoginTest -->
    </test> <!-- regression Test -->
  </suite> <!-- Regression Suite -->
</testng-results>
